Build started 25/12/2014 12:28:47 PM.
     1>Project "C:\Users\Calvin\Documents\Visual Studio 2013\Projects\CameraTest\opengl-adv\CameraTest\CameraTest.vcxproj" on node 2 (Build target(s)).
     1>ClCompile:
         E:\Program Files\Microsoft Visual Studio 2013\VC\bin\CL.exe /c /I"E:\SDL\SDL2-2.0.3\include" /IE:\GLM /I"E:\GLEW\glew-1.11.0\include\GL" /IE:\SOIL\src /ZI /nologo /W3 /WX- /sdl /Od /Oy- /D WIN32 /D _DEBUG /D _CONSOLE /D _LIB /D _UNICODE /D UNICODE /Gm /EHsc /RTC1 /MDd /GS /fp:precise /Zc:wchar_t /Zc:forScope /Fo"Debug\\" /Fd"Debug\vc120.pdb" /Gd /TP /analyze- /errorReport:prompt Texture.cpp
         Texture.cpp
     1>c:\users\calvin\documents\visual studio 2013\projects\cameratest\opengl-adv\cameratest\texture.cpp(66): error C4716: 'Texture::getTexName' : must return a value
     1>Done Building Project "C:\Users\Calvin\Documents\Visual Studio 2013\Projects\CameraTest\opengl-adv\CameraTest\CameraTest.vcxproj" (Build target(s)) -- FAILED.

Build FAILED.

Time Elapsed 00:00:00.80
